<?xml version="1.0" encoding="UTF-8"?>
<testsuite name="com.bridgelabz.StacksandQueuestest1" tests="1" skipped="0" failures="0" errors="0" timestamp="2021-03-17T08:05:53" hostname="DESKTOP-0UM0A7N" time="0.147">
  <properties/>
  <testcase name="push_at_back()" classname="com.bridgelabz.StacksandQueuestest1" time="0.147"/>
  <system-out><![CDATA[]]></system-out>
  <system-err><![CDATA[]]></system-err>
</testsuite>
